
<!DOCTYPE html>
<html>


<head>
	<meta charset='UTF-8' /> 
	<meta name='description' content='' />
	<meta name='robots' content='noodp, noydir' />
	<meta name='viewport' content='width=device-width, initial-scale=1' />
	<meta id="timeStampFormat" name="timeStampFormat" content='MMM d, yyyy hh:mm:ss a'/>
	
	<link href='https://fonts.googleapis.com/css?family=Source+Sans+Pro:400,600' rel='stylesheet' type='text/css'>
	<link href="https://fonts.googleapis.com/icon?family=Material+Icons" rel="stylesheet">

		<link href='https://cdn.rawgit.com/anshooarora/extentreports-java/b4a58fcfd1e137bd9287244035a7c80d3d73b3af/dist/css/extent.css' type='text/css' rel='stylesheet' />
	
	<title>Automation - Cucumber Framework</title>

	<style type='text/css'>
			
            

      
        
	</style>
</head>

	<body class='extent dark default hide-overflow bdd-report'>
		<div id='theme-selector' alt='Click to toggle theme. To enable by default, use theme configuration.' title='Click to toggle theme. To enable by default, use theme configuration.'>
			<span><i class='material-icons'>desktop_windows</i></span>
		</div>

<nav>
	<div class="nav-wrapper">
		<a href="#!" class="brand-logo blue darken-3">Extent</a>

		<!-- slideout menu -->
		<ul id='slide-out' class='side-nav fixed hide-on-med-and-down'>
			<li class='waves-effect active'><a href='#!' view='test-view' onclick="configureView(0);chartsView('test');"><i class='material-icons'>dashboard</i></a></li>
						<li class='waves-effect'><a href='#!' view='exception-view' onclick="configureView(2)"><i class='material-icons'>bug_report</i></a></li>
			<li class='waves-effect'><a href='#!' onclick="configureView(-1);chartsView('dashboard');" view='dashboard-view'><i class='material-icons'>track_changes</i></i></a></li>
		</ul>

		<!-- report name -->
		<span class='report-name'>Cucumber Report</span>
		
		<!-- report headline -->
		<span class='report-headline'></span>

		<!-- nav-right -->
		<ul id='nav-mobile' class='right hide-on-med-and-down nav-right'>
			<li>
                <a href='#!'>
                    <span class='label suite-start-time blue darken-3'>May 16, 2022 06:22:46 PM</span>
				</a>
			</li>
			<li>
                <a href='#!'>
                    <span class='label blue darken-3'>3.1.2</span>
				</a>
			</li>
		</ul>
	</div>
</nav>

		<!-- container -->
		<div class='container'>

<div id='test-view' class='view'>
				
	<section id='controls'>
		<div class='controls grey lighten-4'>
			<!-- test toggle -->
			<div class='chip transparent'>
				<a class='dropdown-button tests-toggle' data-activates='tests-toggle' data-constrainwidth='true' data-beloworigin='true' data-hover='true' href='#'>
					<i class='material-icons'>warning</i> Status
				</a>
				<ul id='tests-toggle' class='dropdown-content'>
											<li status='pass'><a href='#!'>Pass <i class='material-icons green-text'>check_circle</i></a></li>
						<li status='fail'><a href='#!'>Fail <i class='material-icons red-text'>cancel</i></a></li>
						<li status='skip'><a href='#!'>Skip <i class='material-icons cyan-text'>redo</i></a></li>
					<li class='divider'></li>
					<li status='clear' clear='true'><a href='#!'>Clear Filters <i class='material-icons'>clear</i></a></li>
				</ul>
			</div>
			<!-- test toggle -->

			<!-- category toggle -->
			<!-- category toggle -->

			<!-- clear filters -->
			<div class='chip transparent hide'>
				<a class='' id='clear-filters' alt='Clear Filters' title='Clear Filters'>
					<i class='material-icons'>close</i> Clear
				</a>
			</div>
			<!-- clear filters -->

			<!-- enable dashboard -->
			<div id='toggle-test-view-charts' class='chip transparent'>
				<a class='pink-text' id='enable-dashboard' alt='Enable Dashboard' title='Enable Dashboard'>
					<i class='material-icons'>track_changes</i> Dashboard
				</a>
			</div>
			<!-- enable dashboard -->

			<!-- search -->
			<div class='chip transparent' alt='Search Tests' title='Search Tests'>
				<a href="#" class='search-div'>
					<i class='material-icons'>search</i> Search
				</a>

				<div class='input-field left hide'>
					<input id='search-tests' type='text' class='validate browser-default' placeholder='Search Tests...'>
				</div>
				
			</div>
			<!-- search -->
		</div>
	</section>


<div id='test-view-charts' class='subview-full'>
	<div id='charts-row' class='row nm-v nm-h'>
		<div class='col s12 m4 l4 np-h'>
			<div class='card-panel nm-v'>
				<div class='left panel-name'>Features</div>
				<div class='chart-box'>
					<canvas id='parent-analysis' width='100' height='80'></canvas>
				</div>
				<div class='block text-small'>
					<span class='tooltipped' data-position='top' data-tooltip='33.333%'><span class='strong'>1</span> feature(s) passed</span>
				</div>
				<div class='block text-small'>
					<span class='strong tooltipped' data-position='top' data-tooltip='66.667%'>2</span> feature(s) failed, <span class='strong tooltipped' data-position='top' data-tooltip='0%'>0</span> others
				</div>
			</div>
		</div>
		
		<div class='col s12 m4 l4 np-h'>
			<div class='card-panel nm-v'>
				<div class='left panel-name'>Scenarios</div>
				<div class='chart-box'>
					<canvas id='child-analysis' width='100' height='80'></canvas>
				</div>
				<div class='block text-small'>
					<span class='tooltipped' data-position='top' data-tooltip='84.615%'><span class='strong'>11</span> scenario(s) passed</span>
				</div>
				<div class='block text-small'>
					<span class='strong tooltipped' data-position='top' data-tooltip='15.385%'>2</span> scenario(s) failed, <span class='strong tooltipped' data-position='top' data-tooltip='0%'>0</span> others
				</div>
			</div>
		</div>
		
		<div class='col s12 m4 l4 np-h'>
			<div class='card-panel nm-v'>
				<div class='left panel-name'>Steps</div>
				<div class='chart-box'>
					<canvas id='grandchild-analysis' width='100' height='80'></canvas>
				</div>
				<div class='block text-small'>
					<span class='tooltipped' data-position='top' data-tooltip='94.545%'><span class='strong'>104</span> step(s) passed</span>
				</div>
				<div class='block text-small'>
					<span class='strong tooltipped' data-position='top' data-tooltip='1.818%'>2</span> step(s) failed, <span class='strong tooltipped' data-position='top' data-tooltip='3.636%'>4</span> others
				</div>
			</div>
		</div>
	</div>
</div>

	<div class='subview-left left'>
		
		<div class='view-summary'>
			<h5>Features</h5>
			<ul id='test-collection' class='test-collection'>
				
				
				<li class='test displayed active has-leaf pass' status='pass' bdd='true' test-id='1'>
					<div class='test-heading'>
						<span class='test-name'>CreateAccountPage Test</span>
						<span class='test-time'>May 16, 2022 06:22:46 PM</span>
						<span class='test-status right pass'>pass</span>
					</div>
					<div class='test-content hide'>
<div class='scenario node' test-id='2' status='pass'>
	<span class='duration right label'>0h 0m 18s+458ms</span>
	<div class='desc'>
		<b>Scenario</b>
		<span class="desc-text">verify that user should create account successfully</span>
	</div>
	<ul class='steps'>
		<li test-id='3' class='node given pass' status='pass'>
			
			<b>Given</b>
			
			<span class="bdd-step-name">Given I am on homepage</span>
				<div class='pre'>passed</div>
			
		</li>
		<li test-id='4' class='node when pass' status='pass'>
			
			<b>When</b>
			
			<span class="bdd-step-name">When I click on Signin tab</span>
				<div class='pre'>passed</div>
			
		</li>
		<li test-id='5' class='node and pass' status='pass'>
			
			<b>And</b>
			
			<span class="bdd-step-name">And I enter the email "s1_adep_patil81468@gmail.com" in the email field create account page</span>
				<div class='pre'>passed</div>
			
		</li>
		<li test-id='6' class='node and pass' status='pass'>
			
			<b>And</b>
			
			<span class="bdd-step-name">And I click on create an account button</span>
				<div class='pre'>passed</div>
			
		</li>
		<li test-id='7' class='node and pass' status='pass'>
			
			<b>And</b>
			
			<span class="bdd-step-name">And I click on Radio button</span>
				<div class='pre'>passed</div>
			
		</li>
		<li test-id='8' class='node and pass' status='pass'>
			
			<b>And</b>
			
			<span class="bdd-step-name">And I entered firstname "simon" in the name field</span>
				<div class='pre'>passed</div>
			
		</li>
		<li test-id='9' class='node and pass' status='pass'>
			
			<b>And</b>
			
			<span class="bdd-step-name">And I entered lastname "Patel" in the last name field</span>
				<div class='pre'>passed</div>
			
		</li>
		<li test-id='10' class='node and pass' status='pass'>
			
			<b>And</b>
			
			<span class="bdd-step-name">And I entered password "123456@" in the password field</span>
				<div class='pre'>passed</div>
			
		</li>
		<li test-id='11' class='node and pass' status='pass'>
			
			<b>And</b>
			
			<span class="bdd-step-name">And I entered day of birth "10" in the field</span>
				<div class='pre'>passed</div>
			
		</li>
		<li test-id='12' class='node and pass' status='pass'>
			
			<b>And</b>
			
			<span class="bdd-step-name">And I entered month of birth "10" in the month field</span>
				<div class='pre'>passed</div>
			
		</li>
		<li test-id='13' class='node and pass' status='pass'>
			
			<b>And</b>
			
			<span class="bdd-step-name">And I entered year of birth "2001" in the year field</span>
				<div class='pre'>passed</div>
			
		</li>
		<li test-id='14' class='node and pass' status='pass'>
			
			<b>And</b>
			
			<span class="bdd-step-name">And I click on newsletter button</span>
				<div class='pre'>passed</div>
			
		</li>
		<li test-id='15' class='node and pass' status='pass'>
			
			<b>And</b>
			
			<span class="bdd-step-name">And I clcik on receive special offer</span>
				<div class='pre'>passed</div>
			
		</li>
		<li test-id='16' class='node and pass' status='pass'>
			
			<b>And</b>
			
			<span class="bdd-step-name">And I entered name to deliver "sam" in the name field</span>
				<div class='pre'>passed</div>
			
		</li>
		<li test-id='17' class='node and pass' status='pass'>
			
			<b>And</b>
			
			<span class="bdd-step-name">And I entered last name to deliver "Patel" in the last name field</span>
				<div class='pre'>passed</div>
			
		</li>
		<li test-id='18' class='node and pass' status='pass'>
			
			<b>And</b>
			
			<span class="bdd-step-name">And I entered address "Old street" in the address field</span>
				<div class='pre'>passed</div>
			
		</li>
		<li test-id='19' class='node and pass' status='pass'>
			
			<b>And</b>
			
			<span class="bdd-step-name">And I entered addressline "East field" in the addressline field</span>
				<div class='pre'>passed</div>
			
		</li>
		<li test-id='20' class='node and pass' status='pass'>
			
			<b>And</b>
			
			<span class="bdd-step-name">And I entered city "Euston" in the city field</span>
				<div class='pre'>passed</div>
			
		</li>
		<li test-id='21' class='node and pass' status='pass'>
			
			<b>And</b>
			
			<span class="bdd-step-name">And I entered state "Texas" in the state field</span>
				<div class='pre'>passed</div>
			
		</li>
		<li test-id='22' class='node and pass' status='pass'>
			
			<b>And</b>
			
			<span class="bdd-step-name">And I entered zipcode "22556" in the zipcode field</span>
				<div class='pre'>passed</div>
			
		</li>
		<li test-id='23' class='node and pass' status='pass'>
			
			<b>And</b>
			
			<span class="bdd-step-name">And I entered country name "United States" in the field</span>
				<div class='pre'>passed</div>
			
		</li>
		<li test-id='24' class='node and pass' status='pass'>
			
			<b>And</b>
			
			<span class="bdd-step-name">And I entered additional infomation "deliver next door" in the field</span>
				<div class='pre'>passed</div>
			
		</li>
		<li test-id='25' class='node and pass' status='pass'>
			
			<b>And</b>
			
			<span class="bdd-step-name">And I entered home telephone number "011566677788" in the field</span>
				<div class='pre'>passed</div>
			
		</li>
		<li test-id='26' class='node and pass' status='pass'>
			
			<b>And</b>
			
			<span class="bdd-step-name">And I entered Mobile number "0754488995566" in the field</span>
				<div class='pre'>passed</div>
			
		</li>
		<li test-id='27' class='node and pass' status='pass'>
			
			<b>And</b>
			
			<span class="bdd-step-name">And I entered Assign an address "xyz street" in the field</span>
				<div class='pre'>passed</div>
			
		</li>
		<li test-id='28' class='node and pass' status='pass'>
			
			<b>And</b>
			
			<span class="bdd-step-name">And I click on Register button</span>
				<div class='pre'>passed</div>
			
		</li>
		<li test-id='29' class='node then pass' status='pass'>
			
			<b>Then</b>
			
			<span class="bdd-step-name">Then I can see account "MY ACCOUNT" field</span>
				<div class='pre'>passed</div>
			
		</li>
	</ul>
</div>
					</div>
				</li>
				
				
				<li class='test displayed active has-leaf fail' status='fail' bdd='true' test-id='30'>
					<div class='test-heading'>
						<span class='test-name'>SignPage Test</span>
						<span class='test-time'>May 16, 2022 06:23:06 PM</span>
						<span class='test-status right fail'>fail</span>
					</div>
					<div class='test-content hide'>
<div class='scenario node' test-id='31' status='pass'>
	<span class='duration right label'>0h 0m 11s+113ms</span>
	<div class='desc'>
		<b>Scenario</b>
		<span class="desc-text">User should navigate to signIn page successFully</span>
	</div>
	<ul class='steps'>
		<li test-id='32' class='node given pass' status='pass'>
			
			<b>Given</b>
			
			<span class="bdd-step-name">Given I am on homepage</span>
				<div class='pre'>passed</div>
			
		</li>
		<li test-id='33' class='node when pass' status='pass'>
			
			<b>When</b>
			
			<span class="bdd-step-name">When I click on Signin tab</span>
				<div class='pre'>passed</div>
			
		</li>
		<li test-id='34' class='node then pass' status='pass'>
			
			<b>Then</b>
			
			<span class="bdd-step-name">Then I can see the the message "AUTHENTICATION" signin successful</span>
				<div class='pre'>passed</div>
			
		</li>
	</ul>
</div>
<div class='scenario node' test-id='35' status='fail'>
	<span class='duration right label'>0h 0m 28s+117ms</span>
	<div class='desc'>
		<b>Scenario</b>
		<span class="desc-text">verify that user should logIn successFully with valid credentials</span>
	</div>
	<ul class='steps'>
		<li test-id='36' class='node given pass' status='pass'>
			
			<b>Given</b>
			
			<span class="bdd-step-name">Given I am on homepage</span>
				<div class='pre'>passed</div>
			
		</li>
		<li test-id='37' class='node when pass' status='pass'>
			
			<b>When</b>
			
			<span class="bdd-step-name">When I click on Signin tab</span>
				<div class='pre'>passed</div>
			
		</li>
		<li test-id='38' class='node and fail' status='fail'>
			
			<b>And</b>
			
			<span class="bdd-step-name">And I enter the email "sampatil@gmail.com" in the email field</span>
				<div class='pre'><pre>org.openqa.selenium.NoSuchElementException: no such element: Unable to locate element: {"method":"xpath","selector":"//input[@id='email']"}
  (Session info: chrome=101.0.4951.67)
For documentation on this error, please visit: https://selenium.dev/exceptions/#no_such_element
Build info: version: '4.0.0', revision: '3a21814679'
System info: host: 'LAPTOP-56OMVNBM', ip: '192.168.0.110', os.name: 'Windows 10', os.arch: 'amd64', os.version: '10.0', java.version: '1.8.0_121'
Driver info: org.openqa.selenium.chrome.ChromeDriver
Command: [551074245cc440d3af473e262ec7e439, findElement {using=xpath, value=//input[@id='email']}]
Capabilities {acceptInsecureCerts: false, browserName: chrome, browserVersion: 101.0.4951.67, chrome: {chromedriverVersion: 101.0.4951.41 (93c720db8323..., userDataDir: C:\Users\drsau\AppData\Loca...}, goog:chromeOptions: {debuggerAddress: localhost:58816}, javascriptEnabled: true, networkConnectionEnabled: false, pageLoadStrategy: normal, platform: WINDOWS, platformName: WINDOWS, proxy: Proxy(), se:cdp: ws://localhost:58816/devtoo..., se:cdpVersion: 101.0.4951.67, setWindowRect: true, strictFileInteractability: false, timeouts: {implicit: 0, pageLoad: 300000, script: 30000}, unhandledPromptBehavior: dismiss and notify, webauthn:extension:credBlob: true, webauthn:extension:largeBlob: true, webauthn:virtualAuthenticators: true}
Session ID: 551074245cc440d3af473e262ec7e439
	at sun.reflect.NativeConstructorAccessorImpl.newInstance0(Native Method)
	at sun.reflect.NativeConstructorAccessorImpl.newInstance(NativeConstructorAccessorImpl.java:62)
	at sun.reflect.DelegatingConstructorAccessorImpl.newInstance(DelegatingConstructorAccessorImpl.java:45)
	at java.lang.reflect.Constructor.newInstance(Constructor.java:423)
	at org.openqa.selenium.remote.codec.w3c.W3CHttpResponseCodec.createException(W3CHttpResponseCodec.java:200)
	at org.openqa.selenium.remote.codec.w3c.W3CHttpResponseCodec.decode(W3CHttpResponseCodec.java:133)
	at org.openqa.selenium.remote.codec.w3c.W3CHttpResponseCodec.decode(W3CHttpResponseCodec.java:53)
	at org.openqa.selenium.remote.HttpCommandExecutor.execute(HttpCommandExecutor.java:184)
	at org.openqa.selenium.remote.service.DriverCommandExecutor.invokeExecute(DriverCommandExecutor.java:164)
	at org.openqa.selenium.remote.service.DriverCommandExecutor.execute(DriverCommandExecutor.java:139)
	at org.openqa.selenium.remote.RemoteWebDriver.execute(RemoteWebDriver.java:559)
	at org.openqa.selenium.remote.ElementLocation$ElementFinder$2.findElement(ElementLocation.java:162)
	at org.openqa.selenium.remote.ElementLocation.findElement(ElementLocation.java:60)
	at org.openqa.selenium.remote.RemoteWebDriver.findElement(RemoteWebDriver.java:383)
	at org.openqa.selenium.remote.RemoteWebDriver.findElement(RemoteWebDriver.java:375)
	at org.openqa.selenium.support.pagefactory.DefaultElementLocator.findElement(DefaultElementLocator.java:70)
	at org.openqa.selenium.support.pagefactory.internal.LocatingElementHandler.invoke(LocatingElementHandler.java:39)
	at com.sun.proxy.$Proxy23.sendKeys(Unknown Source)
	at com.automation.utility.Utility.sendTextToElement(Utility.java:76)
	at com.automation.pages.SignInPage.setEmail(SignInPage.java:55)
	at com.automation.steps.SignPageTest.iEnterTheEmailInTheEmailField(SignPageTest.java:30)
	at ✽.And I enter the email "sampatil@gmail.com" in the email field(singin.feature:12)
</pre></div>
			
		</li>
		<li test-id='39' class='node and skip' status='skip'>
			
			<b>And</b>
			
			<span class="bdd-step-name">And I enter the password "123456" in the password field</span>
				<div class='pre'>skipped</div>
			
		</li>
		<li test-id='40' class='node and skip' status='skip'>
			
			<b>And</b>
			
			<span class="bdd-step-name">And I click on signin buttton</span>
				<div class='pre'>skipped</div>
			
		</li>
		<li test-id='41' class='node then skip' status='skip'>
			
			<b>Then</b>
			
			<span class="bdd-step-name">Then I can see the sigout link dispayed on the screen</span>
			<ul class='screenshots right'>
				<li><a data-featherlight="image" href="C:\Users\drsau\IdeaProjects\homework-week15-automation-cucumber-main/src/main/java/com/nopcommerce/demo/screenshots/verify_that_user_should_logIn_successFully_with_valid_credentials20220516062345.png"><i class='material-icons'>panorama</i></a></li>
			</ul>
				<div class='pre'>skipped</div>
			
		</li>
	</ul>
</div>
<div class='scenariooutline node' test-id='42' status='pass'>
	<span class='duration right label'>0h 0m 34s+558ms</span>
	<div class='desc'>
		<b>ScenarioOutline</b>
		<span class="desc-text">verify the ErrorMessage with InValid Credentials</span>
	</div>
	<ul class='steps'>
		<li test-id='43' class='node scenario pass' status='pass'>
			
			<b>Scenario</b>
			
			<span class="bdd-step-name">verify the ErrorMessage with InValid Credentials</span>
			
				<ul class='steps'>
					<li test-id='44' class='node given pass' status='pass'><b>Given</b>
						<span class="bdd-step-name">Given I am on homepage</span>
							<div class='pre'>passed</div>
					</li>
					<li test-id='45' class='node when pass' status='pass'><b>When</b>
						<span class="bdd-step-name">When I click on Signin tab</span>
							<div class='pre'>passed</div>
					</li>
					<li test-id='46' class='node and pass' status='pass'><b>And</b>
						<span class="bdd-step-name">And I enter invalid username  "" in the  field</span>
							<div class='pre'>passed</div>
					</li>
					<li test-id='47' class='node and pass' status='pass'><b>And</b>
						<span class="bdd-step-name">And I enter invalid password  "123456" in the password field</span>
							<div class='pre'>passed</div>
					</li>
					<li test-id='48' class='node and pass' status='pass'><b>And</b>
						<span class="bdd-step-name">And I click on signin buttton</span>
							<div class='pre'>passed</div>
					</li>
					<li test-id='49' class='node then pass' status='pass'><b>Then</b>
						<span class="bdd-step-name">Then I can see the error message "An email address required." in the field</span>
							<div class='pre'>passed</div>
					</li>
				</ul>
		</li>
		<li test-id='50' class='node scenario pass' status='pass'>
			
			<b>Scenario</b>
			
			<span class="bdd-step-name">verify the ErrorMessage with InValid Credentials</span>
			
				<ul class='steps'>
					<li test-id='51' class='node given pass' status='pass'><b>Given</b>
						<span class="bdd-step-name">Given I am on homepage</span>
							<div class='pre'>passed</div>
					</li>
					<li test-id='52' class='node when pass' status='pass'><b>When</b>
						<span class="bdd-step-name">When I click on Signin tab</span>
							<div class='pre'>passed</div>
					</li>
					<li test-id='53' class='node and pass' status='pass'><b>And</b>
						<span class="bdd-step-name">And I enter invalid username  "abcd@gmail.com" in the  field</span>
							<div class='pre'>passed</div>
					</li>
					<li test-id='54' class='node and pass' status='pass'><b>And</b>
						<span class="bdd-step-name">And I enter invalid password  "" in the password field</span>
							<div class='pre'>passed</div>
					</li>
					<li test-id='55' class='node and pass' status='pass'><b>And</b>
						<span class="bdd-step-name">And I click on signin buttton</span>
							<div class='pre'>passed</div>
					</li>
					<li test-id='56' class='node then pass' status='pass'><b>Then</b>
						<span class="bdd-step-name">Then I can see the error message "Password is required." in the field</span>
							<div class='pre'>passed</div>
					</li>
				</ul>
		</li>
		<li test-id='57' class='node scenario pass' status='pass'>
			
			<b>Scenario</b>
			
			<span class="bdd-step-name">verify the ErrorMessage with InValid Credentials</span>
			
				<ul class='steps'>
					<li test-id='58' class='node given pass' status='pass'><b>Given</b>
						<span class="bdd-step-name">Given I am on homepage</span>
							<div class='pre'>passed</div>
					</li>
					<li test-id='59' class='node when pass' status='pass'><b>When</b>
						<span class="bdd-step-name">When I click on Signin tab</span>
							<div class='pre'>passed</div>
					</li>
					<li test-id='60' class='node and pass' status='pass'><b>And</b>
						<span class="bdd-step-name">And I enter invalid username  "adfdfgfg" in the  field</span>
							<div class='pre'>passed</div>
					</li>
					<li test-id='61' class='node and pass' status='pass'><b>And</b>
						<span class="bdd-step-name">And I enter invalid password  "123456" in the password field</span>
							<div class='pre'>passed</div>
					</li>
					<li test-id='62' class='node and pass' status='pass'><b>And</b>
						<span class="bdd-step-name">And I click on signin buttton</span>
							<div class='pre'>passed</div>
					</li>
					<li test-id='63' class='node then pass' status='pass'><b>Then</b>
						<span class="bdd-step-name">Then I can see the error message "Invalid email address." in the field</span>
							<div class='pre'>passed</div>
					</li>
				</ul>
		</li>
		<li test-id='64' class='node scenario pass' status='pass'>
			
			<b>Scenario</b>
			
			<span class="bdd-step-name">verify the ErrorMessage with InValid Credentials</span>
			
				<ul class='steps'>
					<li test-id='65' class='node given pass' status='pass'><b>Given</b>
						<span class="bdd-step-name">Given I am on homepage</span>
							<div class='pre'>passed</div>
					</li>
					<li test-id='66' class='node when pass' status='pass'><b>When</b>
						<span class="bdd-step-name">When I click on Signin tab</span>
							<div class='pre'>passed</div>
					</li>
					<li test-id='67' class='node and pass' status='pass'><b>And</b>
						<span class="bdd-step-name">And I enter invalid username  "abcd@gmail.com" in the  field</span>
							<div class='pre'>passed</div>
					</li>
					<li test-id='68' class='node and pass' status='pass'><b>And</b>
						<span class="bdd-step-name">And I enter invalid password  "123456" in the password field</span>
							<div class='pre'>passed</div>
					</li>
					<li test-id='69' class='node and pass' status='pass'><b>And</b>
						<span class="bdd-step-name">And I click on signin buttton</span>
							<div class='pre'>passed</div>
					</li>
					<li test-id='70' class='node then pass' status='pass'><b>Then</b>
						<span class="bdd-step-name">Then I can see the error message "Authentication failed." in the field</span>
							<div class='pre'>passed</div>
					</li>
				</ul>
		</li>
	</ul>
</div>
<div class='scenario node' test-id='71' status='pass'>
	<span class='duration right label'>0h 0m 14s+372ms</span>
	<div class='desc'>
		<b>Scenario</b>
		<span class="desc-text">verify that user should logOut successFully</span>
	</div>
	<ul class='steps'>
		<li test-id='72' class='node given pass' status='pass'>
			
			<b>Given</b>
			
			<span class="bdd-step-name">Given I am on homepage</span>
				<div class='pre'>passed</div>
			
		</li>
		<li test-id='73' class='node when pass' status='pass'>
			
			<b>When</b>
			
			<span class="bdd-step-name">When I click on Signin tab</span>
				<div class='pre'>passed</div>
			
		</li>
		<li test-id='74' class='node and pass' status='pass'>
			
			<b>And</b>
			
			<span class="bdd-step-name">And I enter the email "sampatil@gmail.com" in the email field</span>
				<div class='pre'>passed</div>
			
		</li>
		<li test-id='75' class='node and pass' status='pass'>
			
			<b>And</b>
			
			<span class="bdd-step-name">And I enter the password "123456" in the password field</span>
				<div class='pre'>passed</div>
			
		</li>
		<li test-id='76' class='node and pass' status='pass'>
			
			<b>And</b>
			
			<span class="bdd-step-name">And I click on signin buttton</span>
				<div class='pre'>passed</div>
			
		</li>
		<li test-id='77' class='node and pass' status='pass'>
			
			<b>And</b>
			
			<span class="bdd-step-name">And I click on signout button</span>
				<div class='pre'>passed</div>
			
		</li>
		<li test-id='78' class='node then pass' status='pass'>
			
			<b>Then</b>
			
			<span class="bdd-step-name">Then I can see sign in link is dispayed on screen</span>
				<div class='pre'>passed</div>
			
		</li>
	</ul>
</div>
					</div>
				</li>
				
				
				<li class='test displayed active has-leaf fail' status='fail' bdd='true' test-id='79'>
					<div class='test-heading'>
						<span class='test-name'>WomenCategoryPage Test</span>
						<span class='test-time'>May 16, 2022 06:24:36 PM</span>
						<span class='test-status right fail'>fail</span>
					</div>
					<div class='test-content hide'>
<div class='scenario node' test-id='80' status='pass'>
	<span class='duration right label'>0h 0m 6s+24ms</span>
	<div class='desc'>
		<b>Scenario</b>
		<span class="desc-text">verify user should navigate to women category page successfully</span>
	</div>
	<ul class='steps'>
		<li test-id='81' class='node given pass' status='pass'>
			
			<b>Given</b>
			
			<span class="bdd-step-name">Given I am on homepage</span>
				<div class='pre'>passed</div>
			
		</li>
		<li test-id='82' class='node when pass' status='pass'>
			
			<b>When</b>
			
			<span class="bdd-step-name">When I click on Women tab</span>
				<div class='pre'>passed</div>
			
		</li>
		<li test-id='83' class='node then pass' status='pass'>
			
			<b>Then</b>
			
			<span class="bdd-step-name">Then I can verify "WOMEN" text from the page</span>
				<div class='pre'>passed</div>
			
		</li>
	</ul>
</div>
<div class='scenariooutline node' test-id='84' status='fail'>
	<span class='duration right label'>0h 1m 18s+929ms</span>
	<div class='desc'>
		<b>ScenarioOutline</b>
		<span class="desc-text">verify user should add product to the cart successfully</span>
	</div>
	<ul class='steps'>
		<li test-id='85' class='node scenario pass' status='pass'>
			
			<b>Scenario</b>
			
			<span class="bdd-step-name">verify user should add product to the cart successfully</span>
			
				<ul class='steps'>
					<li test-id='86' class='node given pass' status='pass'><b>Given</b>
						<span class="bdd-step-name">Given I am on homepage</span>
							<div class='pre'>passed</div>
					</li>
					<li test-id='87' class='node when pass' status='pass'><b>When</b>
						<span class="bdd-step-name">When I click on Women tab</span>
							<div class='pre'>passed</div>
					</li>
					<li test-id='88' class='node and pass' status='pass'><b>And</b>
						<span class="bdd-step-name">And I select on product "Blouse" from women page</span>
							<div class='pre'>passed</div>
					</li>
					<li test-id='89' class='node and pass' status='pass'><b>And</b>
						<span class="bdd-step-name">And I clear the quantity from quantity</span>
							<div class='pre'>passed</div>
					</li>
					<li test-id='90' class='node and pass' status='pass'><b>And</b>
						<span class="bdd-step-name">And I change quantity "2" from product page</span>
							<div class='pre'>passed</div>
					</li>
					<li test-id='91' class='node and pass' status='pass'><b>And</b>
						<span class="bdd-step-name">And I select size "M" of the product from drop dawn</span>
							<div class='pre'>passed</div>
					</li>
					<li test-id='92' class='node and pass' status='pass'><b>And</b>
						<span class="bdd-step-name">And I select colour "White" of the product</span>
							<div class='pre'>passed</div>
					</li>
					<li test-id='93' class='node and pass' status='pass'><b>And</b>
						<span class="bdd-step-name">And I click on add to cart button</span>
							<div class='pre'>passed</div>
					</li>
					<li test-id='94' class='node and pass' status='pass'><b>And</b>
						<span class="bdd-step-name">And I can see the message "Product successfully added to your shopping cart" product added successfully</span>
							<div class='pre'>passed</div>
					</li>
					<li test-id='95' class='node then pass' status='pass'><b>Then</b>
						<span class="bdd-step-name">Then I click on close button</span>
							<div class='pre'>passed</div>
					</li>
				</ul>
		</li>
		<li test-id='96' class='node scenario pass' status='pass'>
			
			<b>Scenario</b>
			
			<span class="bdd-step-name">verify user should add product to the cart successfully</span>
			
				<ul class='steps'>
					<li test-id='97' class='node given pass' status='pass'><b>Given</b>
						<span class="bdd-step-name">Given I am on homepage</span>
							<div class='pre'>passed</div>
					</li>
					<li test-id='98' class='node when pass' status='pass'><b>When</b>
						<span class="bdd-step-name">When I click on Women tab</span>
							<div class='pre'>passed</div>
					</li>
					<li test-id='99' class='node and pass' status='pass'><b>And</b>
						<span class="bdd-step-name">And I select on product "Printed Dress" from women page</span>
							<div class='pre'>passed</div>
					</li>
					<li test-id='100' class='node and pass' status='pass'><b>And</b>
						<span class="bdd-step-name">And I clear the quantity from quantity</span>
							<div class='pre'>passed</div>
					</li>
					<li test-id='101' class='node and pass' status='pass'><b>And</b>
						<span class="bdd-step-name">And I change quantity "3" from product page</span>
							<div class='pre'>passed</div>
					</li>
					<li test-id='102' class='node and pass' status='pass'><b>And</b>
						<span class="bdd-step-name">And I select size "L" of the product from drop dawn</span>
							<div class='pre'>passed</div>
					</li>
					<li test-id='103' class='node and pass' status='pass'><b>And</b>
						<span class="bdd-step-name">And I select colour "Orange" of the product</span>
							<div class='pre'>passed</div>
					</li>
					<li test-id='104' class='node and pass' status='pass'><b>And</b>
						<span class="bdd-step-name">And I click on add to cart button</span>
							<div class='pre'>passed</div>
					</li>
					<li test-id='105' class='node and pass' status='pass'><b>And</b>
						<span class="bdd-step-name">And I can see the message "Product successfully added to your shopping cart" product added successfully</span>
							<div class='pre'>passed</div>
					</li>
					<li test-id='106' class='node then pass' status='pass'><b>Then</b>
						<span class="bdd-step-name">Then I click on close button</span>
							<div class='pre'>passed</div>
					</li>
				</ul>
		</li>
		<li test-id='107' class='node scenario fail' status='fail'>
			
			<b>Scenario</b>
			
			<span class="bdd-step-name">verify user should add product to the cart successfully</span>
			
				<ul class='steps'>
					<li test-id='108' class='node given pass' status='pass'><b>Given</b>
						<span class="bdd-step-name">Given I am on homepage</span>
							<div class='pre'>passed</div>
					</li>
					<li test-id='109' class='node when pass' status='pass'><b>When</b>
						<span class="bdd-step-name">When I click on Women tab</span>
							<div class='pre'>passed</div>
					</li>
					<li test-id='110' class='node and pass' status='pass'><b>And</b>
						<span class="bdd-step-name">And I select on product "Printed Chiffon Dress" from women page</span>
							<div class='pre'>passed</div>
					</li>
					<li test-id='111' class='node and pass' status='pass'><b>And</b>
						<span class="bdd-step-name">And I clear the quantity from quantity</span>
							<div class='pre'>passed</div>
					</li>
					<li test-id='112' class='node and pass' status='pass'><b>And</b>
						<span class="bdd-step-name">And I change quantity "4" from product page</span>
							<div class='pre'>passed</div>
					</li>
					<li test-id='113' class='node and pass' status='pass'><b>And</b>
						<span class="bdd-step-name">And I select size "S" of the product from drop dawn</span>
							<div class='pre'>passed</div>
					</li>
					<li test-id='114' class='node and pass' status='pass'><b>And</b>
						<span class="bdd-step-name">And I select colour "Green" of the product</span>
							<div class='pre'>passed</div>
					</li>
					<li test-id='115' class='node and pass' status='pass'><b>And</b>
						<span class="bdd-step-name">And I click on add to cart button</span>
							<div class='pre'>passed</div>
					</li>
					<li test-id='116' class='node and fail' status='fail'><b>And</b>
						<span class="bdd-step-name">And I can see the message "Product successfully added to your shopping cart" product added successfully</span>
							<div class='pre'><textarea>org.junit.ComparisonFailure: product select expected:<[Product successfully added to your shopping cart]> but was:<[]>
	at org.junit.Assert.assertEquals(Assert.java:115)
	at com.automation.steps.WomenCategoryTest.iCanSeeTheMessageProductAddedSuccessfully(WomenCategoryTest.java:76)
	at ✽.And I can see the message "Product successfully added to your shopping cart" product added successfully(women.feature:18)
</textarea></div>
					</li>
					<li test-id='117' class='node then skip' status='skip'><b>Then</b>
						<span class="bdd-step-name">Then I click on close button</span>
						<ul class='screenshots right'>
							<li><a data-featherlight="image" href="C:\Users\drsau\IdeaProjects\homework-week15-automation-cucumber-main/src/main/java/com/nopcommerce/demo/screenshots/verify_user_should_add_product_to_the_cart_successfully20220516062534.png"><i class='material-icons'>panorama</i></a></li>
						</ul>
							<div class='pre'>skipped</div>
					</li>
				</ul>
		</li>
		<li test-id='118' class='node scenario pass' status='pass'>
			
			<b>Scenario</b>
			
			<span class="bdd-step-name">verify user should add product to the cart successfully</span>
			
				<ul class='steps'>
					<li test-id='119' class='node given pass' status='pass'><b>Given</b>
						<span class="bdd-step-name">Given I am on homepage</span>
							<div class='pre'>passed</div>
					</li>
					<li test-id='120' class='node when pass' status='pass'><b>When</b>
						<span class="bdd-step-name">When I click on Women tab</span>
							<div class='pre'>passed</div>
					</li>
					<li test-id='121' class='node and pass' status='pass'><b>And</b>
						<span class="bdd-step-name">And I select on product "Printed Summer Dress with Price $28.98" from women page</span>
							<div class='pre'>passed</div>
					</li>
					<li test-id='122' class='node and pass' status='pass'><b>And</b>
						<span class="bdd-step-name">And I clear the quantity from quantity</span>
							<div class='pre'>passed</div>
					</li>
					<li test-id='123' class='node and pass' status='pass'><b>And</b>
						<span class="bdd-step-name">And I change quantity "2" from product page</span>
							<div class='pre'>passed</div>
					</li>
					<li test-id='124' class='node and pass' status='pass'><b>And</b>
						<span class="bdd-step-name">And I select size "M" of the product from drop dawn</span>
							<div class='pre'>passed</div>
					</li>
					<li test-id='125' class='node and pass' status='pass'><b>And</b>
						<span class="bdd-step-name">And I select colour "Blue" of the product</span>
							<div class='pre'>passed</div>
					</li>
					<li test-id='126' class='node and pass' status='pass'><b>And</b>
						<span class="bdd-step-name">And I click on add to cart button</span>
							<div class='pre'>passed</div>
					</li>
					<li test-id='127' class='node and pass' status='pass'><b>And</b>
						<span class="bdd-step-name">And I can see the message "Product successfully added to your shopping cart" product added successfully</span>
							<div class='pre'>passed</div>
					</li>
					<li test-id='128' class='node then pass' status='pass'><b>Then</b>
						<span class="bdd-step-name">Then I click on close button</span>
							<div class='pre'>passed</div>
					</li>
				</ul>
		</li>
	</ul>
</div>
					</div>
				</li>
			</ul>
		</div>
	</div>
	<!-- subview left -->

	<div class='subview-right left'>
		<div class='view-summary'>
			<h5 class='test-name'></h5>

			<div id='step-filters' class="right">
				<span class="blue-text" status="info" alt="info" title="info"><i class="material-icons">info_outline</i></span>
				<span class="green-text" status="pass" alt="pass" title="pass"><i class="material-icons">check_circle</i></span>
				<span class="red-text" status="fail" alt="fail" title="fail"><i class="material-icons">cancel</i></span>
				<span class="red-text text-darken-4" status="fatal" alt="fatal" title="fatal"><i class="material-icons">cancel</i></span>
				<span class="pink-text text-lighten-1" status="error" alt="error" title="error"><i class="material-icons">error</i></span>
				<span class="orange-text" alt="warning" status="warning" title="warning"><i class="material-icons">warning</i></span>
				<span class="teal-text" status="skip" alt="skip" title="skip"><i class="material-icons">redo</i></span>
				<span status="clear" alt="Clear filters" title="Clear filters"><i class="material-icons">clear</i></span>
			</div>
		</div>
	</div>
	<!-- subview right -->

</div>
<!-- test view -->
<!-- category view -->
<div id='exception-view' class='view hide'>

    <section id='controls'>
        <div class='controls grey lighten-4'>
            <!-- search -->
            <div class='chip transparent' alt='Search Tests' title='Search Tests'>
                <a href="#" class='search-div'>
                    <i class='material-icons'>search</i> Search
                </a>

                <div class='input-field left hide'>
                    <input id='search-tests' type='text' class='validate browser-default' placeholder='Search Tests...'>
                </div>

            </div>
            <!-- search -->
        </div>
    </section>

    <div class='subview-left left'>

        <div class='view-summary'>
            <h5>Exceptions</h3>
                <ul id='exception-collection' class='exception-collection'>

                        <li class='exception displayed active'>
                            <div class='exception-heading'>
                                <span class='exception-name'>org.openqa.selenium.NoSuchElementException</span>
                                <span class='exception-count right'><span class='label red lighten-1 white-text'>1</span></span>
                            </div>
                            <div class='exception-content hide'>
                                <div class='exception-tests'>
                                    <table class='bordered table-results'>
                                        <thead>
                                        <tr>
                                            <th>Timestamp</th>
                                            <th>TestName</th>
                                            <th>Status</th>
                                        </tr>
                                        </thead>
                                        <tbody>
                                                    <tr>
                                                        <td>May 16, 2022 06:23:25 PM</td>
                                                        <td class='linked' test-id='38'>SignPage Test.verify that user should logIn successFully with valid credentials.And I enter the email "sampatil@gmail.com" in the email field</td>
                                                        <td><pre><pre>org.openqa.selenium.NoSuchElementException: no such element: Unable to locate element: {"method":"xpath","selector":"//input[@id='email']"}
  (Session info: chrome=101.0.4951.67)
For documentation on this error, please visit: https://selenium.dev/exceptions/#no_such_element
Build info: version: '4.0.0', revision: '3a21814679'
System info: host: 'LAPTOP-56OMVNBM', ip: '192.168.0.110', os.name: 'Windows 10', os.arch: 'amd64', os.version: '10.0', java.version: '1.8.0_121'
Driver info: org.openqa.selenium.chrome.ChromeDriver
Command: [551074245cc440d3af473e262ec7e439, findElement {using=xpath, value=//input[@id='email']}]
Capabilities {acceptInsecureCerts: false, browserName: chrome, browserVersion: 101.0.4951.67, chrome: {chromedriverVersion: 101.0.4951.41 (93c720db8323..., userDataDir: C:\Users\drsau\AppData\Loca...}, goog:chromeOptions: {debuggerAddress: localhost:58816}, javascriptEnabled: true, networkConnectionEnabled: false, pageLoadStrategy: normal, platform: WINDOWS, platformName: WINDOWS, proxy: Proxy(), se:cdp: ws://localhost:58816/devtoo..., se:cdpVersion: 101.0.4951.67, setWindowRect: true, strictFileInteractability: false, timeouts: {implicit: 0, pageLoad: 300000, script: 30000}, unhandledPromptBehavior: dismiss and notify, webauthn:extension:credBlob: true, webauthn:extension:largeBlob: true, webauthn:virtualAuthenticators: true}
Session ID: 551074245cc440d3af473e262ec7e439
	at sun.reflect.NativeConstructorAccessorImpl.newInstance0(Native Method)
	at sun.reflect.NativeConstructorAccessorImpl.newInstance(NativeConstructorAccessorImpl.java:62)
	at sun.reflect.DelegatingConstructorAccessorImpl.newInstance(DelegatingConstructorAccessorImpl.java:45)
	at java.lang.reflect.Constructor.newInstance(Constructor.java:423)
	at org.openqa.selenium.remote.codec.w3c.W3CHttpResponseCodec.createException(W3CHttpResponseCodec.java:200)
	at org.openqa.selenium.remote.codec.w3c.W3CHttpResponseCodec.decode(W3CHttpResponseCodec.java:133)
	at org.openqa.selenium.remote.codec.w3c.W3CHttpResponseCodec.decode(W3CHttpResponseCodec.java:53)
	at org.openqa.selenium.remote.HttpCommandExecutor.execute(HttpCommandExecutor.java:184)
	at org.openqa.selenium.remote.service.DriverCommandExecutor.invokeExecute(DriverCommandExecutor.java:164)
	at org.openqa.selenium.remote.service.DriverCommandExecutor.execute(DriverCommandExecutor.java:139)
	at org.openqa.selenium.remote.RemoteWebDriver.execute(RemoteWebDriver.java:559)
	at org.openqa.selenium.remote.ElementLocation$ElementFinder$2.findElement(ElementLocation.java:162)
	at org.openqa.selenium.remote.ElementLocation.findElement(ElementLocation.java:60)
	at org.openqa.selenium.remote.RemoteWebDriver.findElement(RemoteWebDriver.java:383)
	at org.openqa.selenium.remote.RemoteWebDriver.findElement(RemoteWebDriver.java:375)
	at org.openqa.selenium.support.pagefactory.DefaultElementLocator.findElement(DefaultElementLocator.java:70)
	at org.openqa.selenium.support.pagefactory.internal.LocatingElementHandler.invoke(LocatingElementHandler.java:39)
	at com.sun.proxy.$Proxy23.sendKeys(Unknown Source)
	at com.automation.utility.Utility.sendTextToElement(Utility.java:76)
	at com.automation.pages.SignInPage.setEmail(SignInPage.java:55)
	at com.automation.steps.SignPageTest.iEnterTheEmailInTheEmailField(SignPageTest.java:30)
	at ✽.And I enter the email "sampatil@gmail.com" in the email field(singin.feature:12)
</pre></pre></td>
                                                    </tr>
                                        </tbody>
                                    </table>
                                </div>
                            </div>
                        </li>
                        <li class='exception displayed active'>
                            <div class='exception-heading'>
                                <span class='exception-name'>org.junit.ComparisonFailure</span>
                                <span class='exception-count right'><span class='label red lighten-1 white-text'>1</span></span>
                            </div>
                            <div class='exception-content hide'>
                                <div class='exception-tests'>
                                    <table class='bordered table-results'>
                                        <thead>
                                        <tr>
                                            <th>Timestamp</th>
                                            <th>TestName</th>
                                            <th>Status</th>
                                        </tr>
                                        </thead>
                                        <tbody>
                                                    <tr>
                                                        <td>May 16, 2022 06:25:29 PM</td>
                                                        <td class='linked' test-id='116'>WomenCategoryPage Test.verify user should add product to the cart successfully.verify user should add product to the cart successfully.And I can see the message "Product successfully added to your shopping cart" product added successfully</td>
                                                        <td><pre><textarea>org.junit.ComparisonFailure: product select expected:<[Product successfully added to your shopping cart]> but was:<[]>
	at org.junit.Assert.assertEquals(Assert.java:115)
	at com.automation.steps.WomenCategoryTest.iCanSeeTheMessageProductAddedSuccessfully(WomenCategoryTest.java:76)
	at ✽.And I can see the message "Product successfully added to your shopping cart" product added successfully(women.feature:18)
</textarea></pre></td>
                                                    </tr>
                                        </tbody>
                                    </table>
                                </div>
                            </div>
                        </li>
                </ul>
        </div>
    </div>

    <div class='subview-right left'>
        <div class='view-summary'>
            <h5 class='exception-name'></h5>
        </div>
    </div>
</div>
<!-- exception view -->
<div id='dashboard-view' class='view hide'>
	<div class='card-panel transparent np-v'>
		<h5>Dashboard</h5>

		<div class='row'>
			<div class='col s2'>
				<div class='card-panel r'>
					Features
					<div class='panel-lead'>3</div>
				</div>
			</div>
			<div class='col s2'>
				<div class='card-panel r'>
					Scenarios
					<div class='panel-lead'>13</div>
				</div>
			</div>
			<div class='col s2'>
				<div class='card-panel r'>
					Steps
					<div class='panel-lead'>110</div>
				</div>
			</div>
			<div class='col s2'>
				<div class='card-panel r'>
					Start
					<div class='panel-lead'>May 16, 2022 06:22:46 PM</div>
				</div>
			</div>
			<div class='col s2'>
				<div class='card-panel r'>
			 		End
			 		<div class='panel-lead'>May 16, 2022 06:26:03 PM</div>
				</div>
			</div>
			<div class='col s2'>
				<div class='card-panel r'>
					Time Taken
					<div class='panel-lead'>196,540ms</div>
				</div>
			</div>
			<div class='col s4'>
				<div class='card-panel dashboard-environment'>
					<span class='right label cyan white-text'>Environment</span><p>&nbsp;</p>
					
					<table>
						<tr>
							<th>Name</th>
							<th>Value</th>
						</tr>
							<tr>
								<td>User Name</td>
								<td>drsau</td>
							</tr>
							<tr>
								<td>Time Zone</td>
								<td>Europe/London</td>
							</tr>
							<tr>
								<td>Machine</td>
								<td>Windows 1064 Bit</td>
							</tr>
							<tr>
								<td>Selenium</td>
								<td>3.141.59</td>
							</tr>
							<tr>
								<td>Maven</td>
								<td>3.5.9</td>
							</tr>
							<tr>
								<td>Java Version</td>
								<td>1.8.0_151</td>
							</tr>
					</table>
				</div>
			</div>
		</div>
	</div>
</div>
<!-- dashboard view -->
<!-- testrunner-logs view -->
		</div>
		<!-- container -->

		<script>
			var statusGroup = {
				passParent: 1,
				failParent: 2,
				fatalParent: 0,
				errorParent: 0,
				warningParent: 0,
				skipParent: 0,
				exceptionsParent: 2,
				
				passChild: 11,
				failChild: 2,
				fatalChild: 0,
				errorChild: 0,
				warningChild: 0,
				skipChild: 0,
				infoChild: 0,
				exceptionsChild: 2,
				
				passGrandChild: 104,
				failGrandChild: 2,
				fatalGrandChild: 0,
				errorGrandChild: 0,
				warningGrandChild: 0,
				skipGrandChild: 4,
				infoGrandChild: 0,
				exceptionsGrandChild: 6,
			};
		</script>
		
			<script src='https://cdn.rawgit.com/anshooarora/extentreports-java/fca20fb7653aade98810546ab96a2a4360e3e712/dist/js/extent.js' type='text/javascript'></script>
		
		
 		<script type='text/javascript'>
 			
            
        $(document).ready(function() {

        });
      
        
 		</script>
	</body>
	
</html>
